# JRE version: OpenJDK Runtime Environment (21.0.5) (build 21.0.5+-12932927-b750.29)
# Java VM: OpenJDK 64-Bit Server VM (21.0.5+-12932927-b750.29, mixed mode, tiered, compressed oops, compressed class ptrs, g1 gc, windows-amd64)
GC Precious Log:
 CardTable entry size: 512
 Card Set container configuration: InlinePtr #cards 5 size 8 Array Of Cards #cards 12 size 40 Howl #buckets 4 coarsen threshold 1843 Howl Bitmap #cards 512 size 80 coarsen threshold 460 Card regions per heap region 1 cards per card region 2048
 CPUs: 8 total, 8 available
 Memory: 7915M
 Large Page Support: Disabled
 NUMA Support: Disabled
 Compressed Oops: Enabled (32-bit)
 Heap Region Size: 1M
 Heap Min Capacity: 8M
 Heap Initial Capacity: 124M
 Heap Max Capacity: 2G
 Pre-touch: Disabled
 Parallel Workers: 8
 Concurrent Workers: 2
 Concurrent Refinement Workers: 8
 Periodic GC: Disabled
Heap:
 garbage-first heap   total 302080K, used 252260K [0x0000000080000000, 0x0000000100000000)
  region size 1024K, 79 young (80896K), 3 survivors (3072K)
 Metaspace       used 174211K, committed 176768K, reserved 1245184K
  class space    used 23093K, committed 24384K, reserved 1048576K
GC Heap History (20 events):
Event: 34.890 GC heap before
{Heap before GC invocations=58 (full 0):
 garbage-first heap   total 302080K, used 253114K [0x0000000080000000, 0x0000000100000000)
  region size 1024K, 99 young (101376K), 8 survivors (8192K)
 Metaspace       used 132093K, committed 134336K, reserved 1179648K
  class space    used 17634K, committed 18752K, reserved 1048576K
}
Event: 34.904 GC heap after
{Heap after GC invocations=59 (full 0):
 garbage-first heap   total 302080K, used 166540K [0x0000000080000000, 0x0000000100000000)
  region size 1024K, 12 young (12288K), 12 survivors (12288K)
 Metaspace       used 132093K, committed 134336K, reserved 1179648K
  class space    used 17634K, committed 18752K, reserved 1048576K
}
Event: 41.077 GC heap before
{Heap before GC invocations=60 (full 0):
 garbage-first heap   total 302080K, used 259724K [0x0000000080000000, 0x0000000100000000)
  region size 1024K, 104 young (106496K), 12 survivors (12288K)
 Metaspace       used 132557K, committed 134784K, reserved 1179648K
  class space    used 17685K, committed 18816K, reserved 1048576K
}
Event: 41.094 GC heap after
{Heap after GC invocations=61 (full 0):
 garbage-first heap   total 302080K, used 172151K [0x0000000080000000, 0x0000000100000000)
  region size 1024K, 8 young (8192K), 8 survivors (8192K)
 Metaspace       used 132557K, committed 134784K, reserved 1179648K
  class space    used 17685K, committed 18816K, reserved 1048576K
}
Event: 42.405 GC heap before
{Heap before GC invocations=61 (full 0):
 garbage-first heap   total 302080K, used 266359K [0x0000000080000000, 0x0000000100000000)
  region size 1024K, 99 young (101376K), 8 survivors (8192K)
 Metaspace       used 135709K, committed 138048K, reserved 1179648K
  class space    used 17898K, committed 19072K, reserved 1048576K
}
Event: 42.421 GC heap after
{Heap after GC invocations=62 (full 0):
 garbage-first heap   total 302080K, used 157154K [0x0000000080000000, 0x0000000100000000)
  region size 1024K, 6 young (6144K), 6 survivors (6144K)
 Metaspace       used 135709K, committed 138048K, reserved 1179648K
  class space    used 17898K, committed 19072K, reserved 1048576K
}
Event: 69.190 GC heap before
{Heap before GC invocations=62 (full 0):
 garbage-first heap   total 302080K, used 264674K [0x0000000080000000, 0x0000000100000000)
  region size 1024K, 112 young (114688K), 6 survivors (6144K)
 Metaspace       used 140401K, committed 142784K, reserved 1179648K
  class space    used 18491K, committed 19712K, reserved 1048576K
}
Event: 69.282 GC heap after
{Heap after GC invocations=63 (full 0):
 garbage-first heap   total 302080K, used 160702K [0x0000000080000000, 0x0000000100000000)
  region size 1024K, 10 young (10240K), 10 survivors (10240K)
 Metaspace       used 140401K, committed 142784K, reserved 1179648K
  class space    used 18491K, committed 19712K, reserved 1048576K
}
Event: 73.276 GC heap before
{Heap before GC invocations=64 (full 0):
 garbage-first heap   total 302080K, used 269246K [0x0000000080000000, 0x0000000100000000)
  region size 1024K, 119 young (121856K), 10 survivors (10240K)
 Metaspace       used 149117K, committed 151488K, reserved 1179648K
  class space    used 19440K, committed 20608K, reserved 1048576K
}
Event: 73.300 GC heap after
{Heap after GC invocations=65 (full 0):
 garbage-first heap   total 302080K, used 156285K [0x0000000080000000, 0x0000000100000000)
  region size 1024K, 13 young (13312K), 13 survivors (13312K)
 Metaspace       used 149117K, committed 151488K, reserved 1179648K
  class space    used 19440K, committed 20608K, reserved 1048576K
}
Event: 88.272 GC heap before
{Heap before GC invocations=65 (full 0):
 garbage-first heap   total 302080K, used 274045K [0x0000000080000000, 0x0000000100000000)
  region size 1024K, 126 young (129024K), 13 survivors (13312K)
 Metaspace       used 151959K, committed 154432K, reserved 1245184K
  class space    used 19752K, committed 20992K, reserved 1048576K
}
Event: 88.315 GC heap after
{Heap after GC invocations=66 (full 0):
 garbage-first heap   total 302080K, used 159752K [0x0000000080000000, 0x0000000100000000)
  region size 1024K, 12 young (12288K), 12 survivors (12288K)
 Metaspace       used 151959K, committed 154432K, reserved 1245184K
  class space    used 19752K, committed 20992K, reserved 1048576K
}
Event: 88.654 GC heap before
{Heap before GC invocations=66 (full 0):
 garbage-first heap   total 302080K, used 178184K [0x0000000080000000, 0x0000000100000000)
  region size 1024K, 31 young (31744K), 12 survivors (12288K)
 Metaspace       used 152523K, committed 154944K, reserved 1245184K
  class space    used 19827K, committed 21056K, reserved 1048576K
}
Event: 88.687 GC heap after
{Heap after GC invocations=67 (full 0):
 garbage-first heap   total 302080K, used 162086K [0x0000000080000000, 0x0000000100000000)
  region size 1024K, 6 young (6144K), 6 survivors (6144K)
 Metaspace       used 152523K, committed 154944K, reserved 1245184K
  class space    used 19827K, committed 21056K, reserved 1048576K
}
Event: 90.833 GC heap before
{Heap before GC invocations=68 (full 0):
 garbage-first heap   total 302080K, used 272678K [0x0000000080000000, 0x0000000100000000)
  region size 1024K, 109 young (111616K), 6 survivors (6144K)
 Metaspace       used 157316K, committed 159808K, reserved 1245184K
  class space    used 20474K, committed 21760K, reserved 1048576K
}
Event: 90.860 GC heap after
{Heap after GC invocations=69 (full 0):
 garbage-first heap   total 302080K, used 171418K [0x0000000080000000, 0x0000000100000000)
  region size 1024K, 13 young (13312K), 13 survivors (13312K)
 Metaspace       used 157316K, committed 159808K, reserved 1245184K
  class space    used 20474K, committed 21760K, reserved 1048576K
}
Event: 92.214 GC heap before
{Heap before GC invocations=69 (full 0):
 garbage-first heap   total 302080K, used 269722K [0x0000000080000000, 0x0000000100000000)
  region size 1024K, 110 young (112640K), 13 survivors (13312K)
 Metaspace       used 167988K, committed 170496K, reserved 1245184K
  class space    used 22149K, committed 23424K, reserved 1048576K
}
Event: 92.246 GC heap after
{Heap after GC invocations=70 (full 0):
 garbage-first heap   total 302080K, used 174470K [0x0000000080000000, 0x0000000100000000)
  region size 1024K, 12 young (12288K), 12 survivors (12288K)
 Metaspace       used 167988K, committed 170496K, reserved 1245184K
  class space    used 22149K, committed 23424K, reserved 1048576K
}
Event: 92.878 GC heap before
{Heap before GC invocations=70 (full 0):
 garbage-first heap   total 302080K, used 268678K [0x0000000080000000, 0x0000000100000000)
  region size 1024K, 105 young (107520K), 12 survivors (12288K)
 Metaspace       used 171908K, committed 174464K, reserved 1245184K
  class space    used 22674K, committed 23936K, reserved 1048576K
}
Event: 92.901 GC heap after
{Heap after GC invocations=71 (full 0):
 garbage-first heap   total 302080K, used 175460K [0x0000000080000000, 0x0000000100000000)
  region size 1024K, 3 young (3072K), 3 survivors (3072K)
 Metaspace       used 171908K, committed 174464K, reserved 1245184K
  class space    used 22674K, committed 23936K, reserved 1048576K
}

